Font List
  #0 Hack-Regular (ok)
    File /usr/share/fonts/truetype/Hack-Regular.ttf
    Size 14
    Height 16, Baseline 3

Top Chars
  0x00b2-0x00b3
  0x00b9
  0x00c0-0x00c5
  0x00c8-0x00cf
  0x00d1-0x00d6
  0x00d9-0x00dd
  0x00e5
  0x0160
  0x0178
  0x017d

Bottom Chars
  0x002c
  0x003b
  0x0040
  0x005b
  0x005d
  0x005f
  0x0067
  0x006a
  0x0070-0x0071
  0x0079
  0x007b-0x007d
  0x00a7
  0x00b5
  0x00c7
  0x00e7
  0x00fd-0x00ff

Font Size
  Height: 16
  Width: 10
  Baseline: 3
  Line Height: 16
  Bitmap Max: 9 x 15
  Min X: 0

Char 0x0020 ' '
  Font: #0 Hack-Regular (14)
  Bitmap: 0 x 0
  Advance: 8
  Offset: 0 x 0
     ________
    |........|
    |........|
    |........|
    |........|
    |........|
    |........|
    |........|
    |........|
    |........|
    |........|
    |........|
    |........|
  ->|........|<-
    |........|
    |........|
    |........|
     --------

Char 0x0021 '!'
  Font: #0 Hack-Regular (14)
  Bitmap: 3 x 10
  Advance: 8
  Offset: 3 x 0
     ________
    |........|
    |........|
    |........|
    |...a#1..|
    |...a#1..|
    |...a#1..|
    |...9# ..|
    |...7# ..|
    |...5b ..|
    |...39 ..|
    |... 1 ..|
    |...a#2..|
  ->|...8c1..|<-
    |........|
    |........|
    |........|
     --------

Char 0x0022 '"'
  Font: #0 Hack-Regular (14)
  Bitmap: 5 x 4
  Advance: 8
  Offset: 2 x 6
     ________
    |........|
    |........|
    |........|
    |..971#1.|
    |..971#1.|
    |..971#1.|
    |..971#1.|
    |........|
    |........|
    |........|
    |........|
    |........|
  ->|........|<-
    |........|
    |........|
    |........|
     --------

Char 0x0023 '#'
  Font: #0 Hack-Regular (14)
  Bitmap: 9 x 10
  Advance: 8
  Offset: 0 x 0
     ________
    |.........|
    |.........|
    |.........|
    |   77 a4 |
    |   a4 #1 |
    |   #13c  |
    |2#######5|
    | 1891a61 |
    |  b4 #1  |
    |#######8 |
    |15b18811 |
    | 77 b4   |
  ->| b3 #    |<-
    |.........|
    |.........|
    |.........|
     --------

Char 0x0024 '$'
  Font: #0 Hack-Regular (14)
  Bitmap: 7 x 13
  Advance: 8
  Offset: 1 x -2
     ________
    |........|
    |........|
    |.  3#   |
    |.  4#1  |
    |. a###b |
    |.7a b 4 |
    |.98 b   |
    |.4#6b   |
    |. 39##7 |
    |.   b2c5|
    |.   b a7|
    |.752b3#4|
  ->|.4b##c6 |<-
    |.  3#   |
    |.  2c   |
    |........|
     --------

Char 0x0025 '%'
  Font: #0 Hack-Regular (14)
  Bitmap: 9 x 11
  Advance: 8
  Offset: 0 x 0
     ________
    |.........|
    |.........|
    |  2      |
    |2ccb     |
    |95 76    |
    |93 67    |
    |3cac1 5a1|
    | 245994  |
    |17a7254  |
    |64  aaaa |
    |   1b  b1|
    |    c33c |
  ->|    4cc4 |<-
    |.........|
    |.........|
    |.........|
     --------

Char 0x0026 '&'
  Font: #0 Hack-Regular (14)
  Bitmap: 9 x 10
  Advance: 8
  Offset: 0 x 0
     ________
    |.........|
    |.........|
    |.........|
    |  6c#a   |
    | 3#314   |
    | 4c      |
    |  c5     |
    | 5c#2    |
    |2c17c  c2|
    |79  9a # |
    |7a   bb9 |
    |2#8228#5 |
  ->| 3a#c86c1|<-
    |.........|
    |.........|
    |.........|
     --------

Char 0x0027 '''
  Font: #0 Hack-Regular (14)
  Bitmap: 2 x 4
  Advance: 8
  Offset: 3 x 6
     ________
    |........|
    |........|
    |........|
    |...5b...|
    |...5b...|
    |...5b...|
    |...5b...|
    |........|
    |........|
    |........|
    |........|
    |........|
  ->|........|<-
    |........|
    |........|
    |........|
     --------

Char 0x0028 '('
  Font: #0 Hack-Regular (14)
  Bitmap: 3 x 13
  Advance: 8
  Offset: 2 x -2
     ________
    |........|
    |........|
    |.. 3c...|
    |.. a5...|
    |..2# ...|
    |..7a ...|
    |..a7 ...|
    |..c5 ...|
    |..#5 ...|
    |..c6 ...|
    |..98 ...|
    |..5c ...|
  ->|.. #3...|<-
    |.. 69...|
    |..  6...|
    |........|
     --------

Char 0x0029 ')'
  Font: #0 Hack-Regular (14)
  Bitmap: 4 x 13
  Advance: 8
  Offset: 3 x -2
     ________
    |........|
    |........|
    |...68  .|
    |... #2 .|
    |... 88 .|
    |... 4# .|
    |... 1#3.|
    |...  #4.|
    |...  #5.|
    |...  #4.|
    |... 2#1.|
    |... 6b .|
  ->|... b5 .|<-
    |...3c  .|
    |...43  .|
    |........|
     --------

Char 0x002a '*'
  Font: #0 Hack-Regular (14)
  Bitmap: 7 x 7
  Advance: 8
  Offset: 1 x 3
     ________
    |........|
    |........|
    |........|
    |.  28   |
    |.  38   |
    |.a559484|
    |.17##a3 |
    |. 1cb5  |
    |. 961c1 |
    |.19  46 |
    |........|
    |........|
  ->|........|<-
    |........|
    |........|
    |........|
     --------

Char 0x002b '+'
  Font: #0 Hack-Regular (14)
  Bitmap: 8 x 7
  Advance: 8
  Offset: 0 x 1
     ________
    |........|
    |........|
    |........|
    |........|
    |........|
    |   5a   |
    |   5a   |
    |   5a   |
    |5######b|
    | 116b111|
    |   5a   |
    |   5a   |
  ->|........|<-
    |........|
    |........|
    |........|
     --------

Char 0x002c ',' bottom
  Font: #0 Hack-Regular (14)
  Bitmap: 4 x 5
  Advance: 8
  Offset: 2 x -3
     ________
    |........|
    |........|
    |........|
    |........|
    |........|
    |........|
    |........|
    |........|
    |........|
    |........|
    |........|
    |.. 9#2..|
  ->|.. 8#5..|<-
    |..  94..|
    |.. 3b ..|
    |..1a2 ..|
     --------

Char 0x002d '-'
  Font: #0 Hack-Regular (14)
  Bitmap: 6 x 2
  Advance: 8
  Offset: 1 x 3
     ________
    |........|
    |........|
    |........|
    |........|
    |........|
    |........|
    |........|
    |........|
    |.7#####.|
    |.111111.|
    |........|
    |........|
  ->|........|<-
    |........|
    |........|
    |........|
     --------

Char 0x002e '.'
  Font: #0 Hack-Regular (14)
  Bitmap: 3 x 3
  Advance: 8
  Offset: 3 x 0
     ________
    |........|
    |........|
    |........|
    |........|
    |........|
    |........|
    |........|
    |........|
    |........|
    |........|
    |... 1 ..|
    |...a#2..|
  ->|...9c1..|<-
    |........|
    |........|
    |........|
     --------

Char 0x002f '/'
  Font: #0 Hack-Regular (14)
  Bitmap: 8 x 12
  Advance: 8
  Offset: 0 x -2
     ________
    |........|
    |........|
    |........|
    |     2#2|
    |     89 |
    |    1#2 |
    |    7a  |
    |    #3  |
    |   6b   |
    |   c4   |
    |  6b    |
    |  c5    |
  ->| 5c     |<-
    | b6     |
    |16      |
    |........|
     --------

Char 0x0030 '0'
  Font: #0 Hack-Regular (14)
  Bitmap: 8 x 10
  Advance: 8
  Offset: 0 x 0
     ________
    |........|
    |........|
    |........|
    |  6c#a1 |
    | 5#42ab |
    | a8272#2|
    | #55a #5|
    | #46c c6|
    |1#46c c6|
    | #54b #5|
    | a8182#2|
    | 5#42ab |
  ->|  6c#a1 |<-
    |........|
    |........|
    |........|
     --------

Char 0x0031 '1'
  Font: #0 Hack-Regular (14)
  Bitmap: 7 x 10
  Advance: 8
  Offset: 1 x 0
     ________
    |........|
    |........|
    |........|
    |.  6#5  |
    |. 5##5  |
    |.2#4#5  |
    |. 3 #5  |
    |.   #5  |
    |.   #5  |
    |.   #5  |
    |.   #5  |
    |. 22#621|
  ->|.2#####6|<-
    |........|
    |........|
    |........|
     --------

Char 0x0032 '2'
  Font: #0 Hack-Regular (14)
  Bitmap: 7 x 10
  Advance: 8
  Offset: 1 x 0
     ________
    |........|
    |........|
    |........|
    |.6b#c81 |
    |.a522ba |
    |.    4#1|
    |.    5# |
    |.    b8 |
    |.   9a  |
    |.  8b1  |
    |. 8b1   |
    |.7c2111 |
  ->|.######3|<-
    |........|
    |........|
    |........|
     --------

Char 0x0033 '3'
  Font: #0 Hack-Regular (14)
  Bitmap: 7 x 10
  Advance: 8
  Offset: 1 x 0
     ________
    |........|
    |........|
    |........|
    |.6b#c92 |
    |.43129c |
    |.    2#2|
    |.    8c |
    |. 2##b2 |
    |.  139b |
    |.     #4|
    |.     #5|
    |.73129#1|
  ->|.9c#ca2 |<-
    |........|
    |........|
    |........|
     --------

Char 0x0034 '4'
  Font: #0 Hack-Regular (14)
  Bitmap: 8 x 10
  Advance: 8
  Offset: 0 x 0
     ________
    |........|
    |........|
    |........|
    |    7#5 |
    |   3b#5 |
    |   c2#5 |
    |  96 #5 |
    | 4b  #5 |
    |1c2  #5 |
    |4######a|
    | 2222#61|
    |     #5 |
  ->|     #5 |<-
    |........|
    |........|
    |........|
     --------

Char 0x0035 '5'
  Font: #0 Hack-Regular (14)
  Bitmap: 7 x 10
  Advance: 8
  Offset: 1 x 0
     ________
    |........|
    |........|
    |........|
    |.8####8 |
    |.89111  |
    |.89     |
    |.8#cb7  |
    |.4324c9 |
    |.    4#2|
    |.    1#3|
    |.    3#2|
    |.7313ba |
  ->|.a##c7  |<-
    |........|
    |........|
    |........|
     --------

Char 0x0036 '6'
  Font: #0 Hack-Regular (14)
  Bitmap: 7 x 10
  Advance: 8
  Offset: 1 x 0
     ________
    |........|
    |........|
    |........|
    |. 3b##8 |
    |.3#6214 |
    |.98     |
    |.#6aca2 |
    |.#c528# |
    |.#8   #5|
    |.#6   c6|
    |.b8   #5|
    |.5#418#1|
  ->|. 6c#a3 |<-
    |........|
    |........|
    |........|
     --------

Char 0x0037 '7'
  Font: #0 Hack-Regular (14)
  Bitmap: 7 x 10
  Advance: 8
  Offset: 1 x 0
     ________
    |........|
    |........|
    |........|
    |.######4|
    |.11115# |
    |.    a8 |
    |.   1#3 |
    |.   7b  |
    |.   c6  |
    |.  4#1  |
    |.  a9   |
    |. 1#4   |
  ->|. 7c    |<-
    |........|
    |........|
    |........|
     --------

Char 0x0038 '8'
  Font: #0 Hack-Regular (14)
  Bitmap: 7 x 10
  Advance: 8
  Offset: 1 x 0
     ________
    |........|
    |........|
    |........|
    |. 8c#a3 |
    |.8c318#1|
    |.b7  1#3|
    |.7b1 6c |
    |. 8##c2 |
    |.7b328c |
    |.#5   #5|
    |.#5   #6|
    |.ab317#2|
  ->|.18c#b4 |<-
    |........|
    |........|
    |........|
     --------

Char 0x0039 '9'
  Font: #0 Hack-Regular (14)
  Bitmap: 7 x 10
  Advance: 8
  Offset: 1 x 0
     ________
    |........|
    |........|
    |........|
    |.19c#91 |
    |.aa229a |
    |.#4  1#2|
    |.#4  1#4|
    |.b9  8#6|
    |.2b##8c6|
    |.     #4|
    |.    4#1|
    |.3314c8 |
  ->|.3c#c7  |<-
    |........|
    |........|
    |........|
     --------

Char 0x003a ':'
  Font: #0 Hack-Regular (14)
  Bitmap: 3 x 7
  Advance: 8
  Offset: 3 x 1
     ________
    |........|
    |........|
    |........|
    |........|
    |........|
    |...8c2..|
    |...a#2..|
    |... 1 ..|
    |...   ..|
    |... 1 ..|
    |...a#2..|
    |...8c2..|
  ->|........|<-
    |........|
    |........|
    |........|
     --------

Char 0x003b ';' bottom
  Font: #0 Hack-Regular (14)
  Bitmap: 4 x 11
  Advance: 8
  Offset: 2 x -3
     ________
    |........|
    |........|
    |........|
    |........|
    |........|
    |..  1 ..|
    |.. b#2..|
    |.. ac1..|
    |..    ..|
    |..    ..|
    |..  1 ..|
    |.. a#3..|
  ->|.. 8#7..|<-
    |..  85..|
    |.. 2c1..|
    |..1b3 ..|
     --------

Char 0x003c '<'
  Font: #0 Hack-Regular (14)
  Bitmap: 8 x 7
  Advance: 8
  Offset: 0 x 1
     ________
    |........|
    |........|
    |........|
    |........|
    |........|
    |      37|
    |   16cc6|
    | 49#94  |
    |5#81    |
    |17cb61  |
    |   4a#94|
    |     17a|
  ->|........|<-
    |........|
    |........|
    |........|
     --------

Char 0x003d '='
  Font: #0 Hack-Regular (14)
  Bitmap: 8 x 5
  Advance: 8
  Offset: 0 x 2
     ________
    |........|
    |........|
    |........|
    |........|
    |........|
    |........|
    |5######b|
    | 1111111|
    |        |
    |5######b|
    | 1111111|
    |........|
  ->|........|<-
    |........|
    |........|
    |........|
     --------

Char 0x003e '>'
  Font: #0 Hack-Regular (14)
  Bitmap: 8 x 7
  Advance: 8
  Offset: 0 x 1
     ________
    |........|
    |........|
    |........|
    |........|
    |........|
    |361     |
    |2a#93   |
    |  27cc61|
    |     4#b|
    |   49#93|
    |17cc61  |
    |593     |
  ->|........|<-
    |........|
    |........|
    |........|
     --------

Char 0x003f '?'
  Font: #0 Hack-Regular (14)
  Bitmap: 6 x 10
  Advance: 8
  Offset: 1 x 0
     ________
    |........|
    |........|
    |........|
    |.18c#b3.|
    |.47219c.|
    |.    4#.|
    |.   1c7.|
    |.  1c7 .|
    |.  7a  .|
    |.  55  .|
    |.      .|
    |.  bc  .|
  ->|.  9b  .|<-
    |........|
    |........|
    |........|
     --------

Char 0x0040 '@' bottom
  Font: #0 Hack-Regular (14)
  Bitmap: 8 x 13
  Advance: 8
  Offset: 0 x -3
     ________
    |........|
    |........|
    |........|
    |  3acb6 |
    | 4c523b6|
    |1#3   2c|
    |69 1ac7#|
    |95 b728#|
    |a31#   #|
    |a31#   #|
    |94 c5 6#|
    |69 3c#9#|
  ->|1#3    1|<-
    | 4c5  1 |
    |  3a### |
    |     1  |
     --------

Char 0x0041 'A'
  Font: #0 Hack-Regular (14)
  Bitmap: 8 x 10
  Advance: 8
  Offset: 0 x 0
     ________
    |........|
    |........|
    |........|
    |   a#2  |
    |  1#b7  |
    |  5b5b  |
    |  a71#1 |
    |  #3 b6 |
    | 4c  6a |
    | 9#####1|
    | #5222c5|
    |3#1   99|
  ->|8b    5#|<-
    |........|
    |........|
    |........|
     --------

Char 0x0042 'B'
  Font: #0 Hack-Regular (14)
  Bitmap: 7 x 10
  Advance: 8
  Offset: 1 x 0
     ________
    |........|
    |........|
    |........|
    |.c###b4 |
    |.c7116#2|
    |.c7   #5|
    |.c7  5#2|
    |.c####5 |
    |.c8126#3|
    |.c7   99|
    |.c7   99|
    |.c7114#5|
  ->|.c###b6 |<-
    |........|
    |........|
    |........|
     --------

Char 0x0043 'C'
  Font: #0 Hack-Regular (14)
  Bitmap: 7 x 10
  Advance: 8
  Offset: 1 x 0
     ________
    |........|
    |........|
    |........|
    |. 29c#a2|
    |.1c92263|
    |.8c     |
    |.c7     |
    |.#6     |
    |.#6     |
    |.c7     |
    |.8c     |
    |.1#92253|
  ->|. 2a##a2|<-
    |........|
    |........|
    |........|
     --------

Char 0x0044 'D'
  Font: #0 Hack-Regular (14)
  Bitmap: 7 x 10
  Advance: 8
  Offset: 1 x 0
     ________
    |........|
    |........|
    |........|
    |.###b6  |
    |.#524c8 |
    |.#4  3#2|
    |.#4   #5|
    |.#4   c7|
    |.#4   c7|
    |.#4   #5|
    |.#4  3#2|
    |.#514c8 |
  ->|.###b6  |<-
    |........|
    |........|
    |........|
     --------

Char 0x0045 'E'
  Font: #0 Hack-Regular (14)
  Bitmap: 7 x 10
  Advance: 8
  Offset: 1 x 0
     ________
    |........|
    |........|
    |........|
    |.9#####5|
    |.9a1111 |
    |.9a     |
    |.9a     |
    |.9#####2|
    |.9a1111 |
    |.9a     |
    |.9a     |
    |.9a1111 |
  ->|.9#####7|<-
    |........|
    |........|
    |........|
     --------

Char 0x0046 'F'
  Font: #0 Hack-Regular (14)
  Bitmap: 7 x 10
  Advance: 8
  Offset: 1 x 0
     ________
    |........|
    |........|
    |........|
    |.5#####8|
    |.5#1111 |
    |.5#     |
    |.5#     |
    |.5#####2|
    |.5#1111 |
    |.5#     |
    |.5#     |
    |.5#     |
  ->|.5#     |<-
    |........|
    |........|
    |........|
     --------

Char 0x0047 'G'
  Font: #0 Hack-Regular (14)
  Bitmap: 8 x 10
  Advance: 8
  Offset: 0 x 0
     ________
    |........|
    |........|
    |........|
    |  4b#c8 |
    | 4#62262|
    | c8     |
    |2#4     |
    |3#2 3##7|
    |3#2  1b7|
    |2#3   a7|
    | c8   a7|
    | 4#622c7|
  ->|  4b#c81|<-
    |........|
    |........|
    |........|
     --------

Char 0x0048 'H'
  Font: #0 Hack-Regular (14)
  Bitmap: 7 x 10
  Advance: 8
  Offset: 1 x 0
     ________
    |........|
    |........|
    |........|
    |.#4   c7|
    |.#4   c7|
    |.#4   c7|
    |.#4   c7|
    |.######7|
    |.#5111c7|
    |.#4   c7|
    |.#4   c7|
    |.#4   c7|
  ->|.#4   c7|<-
    |........|
    |........|
    |........|
     --------

Char 0x0049 'I'
  Font: #0 Hack-Regular (14)
  Bitmap: 6 x 10
  Advance: 8
  Offset: 1 x 0
     ________
    |........|
    |........|
    |........|
    |.8#####.|
    |. 17c11.|
    |.  6c  .|
    |.  6c  .|
    |.  6c  .|
    |.  6c  .|
    |.  6c  .|
    |.  6c  .|
    |. 17c11.|
  ->|.8#####.|<-
    |........|
    |........|
    |........|
     --------

Char 0x004a 'J'
  Font: #0 Hack-Regular (14)
  Bitmap: 7 x 10
  Advance: 8
  Offset: 0 x 0
     ________
    |........|
    |........|
    |........|
    |  6###7.|
    |   11b7.|
    |     b7.|
    |     b7.|
    |     b7.|
    |     b7.|
    |     b7.|
    |     #6.|
    |38316#2.|
  ->|19c#c6 .|<-
    |........|
    |........|
    |........|
     --------

Char 0x004b 'K'
  Font: #0 Hack-Regular (14)
  Bitmap: 8 x 10
  Advance: 8
  Offset: 1 x 0
     ________
    |.........|
    |.........|
    |.........|
    |.#4   aa |
    |.#4  aa  |
    |.#4 ab   |
    |.#49b    |
    |.#c#7    |
    |.#b5#3   |
    |.#4 9c   |
    |.#4  c8  |
    |.#4  4#4 |
  ->|.#4   8c1|<-
    |.........|
    |.........|
    |.........|
     --------

Char 0x004c 'L'
  Font: #0 Hack-Regular (14)
  Bitmap: 7 x 10
  Advance: 8
  Offset: 1 x 0
     ________
    |........|
    |........|
    |........|
    |.7c     |
    |.7c     |
    |.7c     |
    |.7c     |
    |.7c     |
    |.7c     |
    |.7c     |
    |.7c     |
    |.7c22221|
  ->|.7#####a|<-
    |........|
    |........|
    |........|
     --------

Char 0x004d 'M'
  Font: #0 Hack-Regular (14)
  Bitmap: 8 x 10
  Advance: 8
  Offset: 0 x 0
     ________
    |........|
    |........|
    |........|
    |5#8  2#b|
    |5cc  7cb|
    |5c94 c7b|
    |5c493a6b|
    |5c c856b|
    |5c 8#16b|
    |5c 24 6b|
    |5c    6b|
    |5c    6b|
  ->|5c    6b|<-
    |........|
    |........|
    |........|
     --------

Char 0x004e 'N'
  Font: #0 Hack-Regular (14)
  Bitmap: 7 x 10
  Advance: 8
  Offset: 1 x 0
     ________
    |........|
    |........|
    |........|
    |.#c   c6|
    |.##4  c6|
    |.#aa  c6|
    |.#4#2 c6|
    |.#388 c6|
    |.#32# c6|
    |.#3 a5c6|
    |.#3 4bc6|
    |.#3  c#6|
  ->|.#3  6#6|<-
    |........|
    |........|
    |........|
     --------

Char 0x004f 'O'
  Font: #0 Hack-Regular (14)
  Bitmap: 8 x 10
  Advance: 8
  Offset: 0 x 0
     ________
    |........|
    |........|
    |........|
    |  7c#a2 |
    | 6#429c |
    | c7  1#4|
    |1#4   c7|
    |2#3   b8|
    |2#3   b8|
    |1#4   c7|
    | c7  1#4|
    | 6#429c |
  ->|  7c#a2 |<-
    |........|
    |........|
    |........|
     --------

Char 0x0050 'P'
  Font: #0 Hack-Regular (14)
  Bitmap: 7 x 10
  Advance: 8
  Offset: 1 x 0
     ________
    |........|
    |........|
    |........|
    |.b###b4 |
    |.b8117#3|
    |.b7   c7|
    |.b7   c7|
    |.b7  6#4|
    |.b###c6 |
    |.b811   |
    |.b7     |
    |.b7     |
  ->|.b7     |<-
    |........|
    |........|
    |........|
     --------

Char 0x0051 'Q'
  Font: #0 Hack-Regular (14)
  Bitmap: 8 x 12
  Advance: 8
  Offset: 0 x -2
     ________
    |........|
    |........|
    |........|
    |  7c#a2 |
    | 6#429c |
    | c7  1#4|
    |1#4   c7|
    |2#3   b8|
    |2#3   b8|
    |1#4   c7|
    | c7  1#4|
    | 6#429c |
  ->|  7c##2 |<-
    |    1b8 |
    |     1b9|
    |........|
     --------

Char 0x0052 'R'
  Font: #0 Hack-Regular (14)
  Bitmap: 8 x 10
  Advance: 8
  Offset: 1 x 0
     ________
    |.........|
    |.........|
    |.........|
    |.###ca3  |
    |.#5129#  |
    |.#5  2#3 |
    |.#5  7#1 |
    |.####a2  |
    |.#615#3  |
    |.#5  7b  |
    |.#5  1#4 |
    |.#5   9a |
  ->|.#5   3#2|<-
    |.........|
    |.........|
    |.........|
     --------

Char 0x0053 'S'
  Font: #0 Hack-Regular (14)
  Bitmap: 7 x 10
  Advance: 8
  Offset: 1 x 0
     ________
    |........|
    |........|
    |........|
    |. 7c#c8 |
    |.9b3137 |
    |.#4     |
    |.c8     |
    |.4##95  |
    |.  48cb |
    |.    1#5|
    |.     c6|
    |.94217#2|
  ->|.7b##a4 |<-
    |........|
    |........|
    |........|
     --------

Char 0x0054 'T'
  Font: #0 Hack-Regular (14)
  Bitmap: 9 x 10
  Advance: 8
  Offset: 0 x 0
     ________
    |.........|
    |.........|
    |.........|
    |9#######1|
    | 117c111 |
    |   6c    |
    |   6c    |
    |   6c    |
    |   6c    |
    |   6c    |
    |   6c    |
    |   6c    |
  ->|   6c    |<-
    |.........|
    |.........|
    |.........|
     --------

Char 0x0055 'U'
  Font: #0 Hack-Regular (14)
  Bitmap: 7 x 10
  Advance: 8
  Offset: 1 x 0
     ________
    |........|
    |........|
    |........|
    |.#5   #5|
    |.#5   #5|
    |.#5   #5|
    |.#5   #5|
    |.#5   #5|
    |.#5   #5|
    |.#5   #5|
    |.c6   #4|
    |.8b317#1|
  ->|. 8c#b3 |<-
    |........|
    |........|
    |........|
     --------

Char 0x0056 'V'
  Font: #0 Hack-Regular (14)
  Bitmap: 8 x 10
  Advance: 8
  Offset: 0 x 0
     ________
    |........|
    |........|
    |........|
    |6#    7c|
    |2#3   b8|
    | c6   #4|
    | 7a  4# |
    | 3#  89 |
    |  #4 c5 |
    |  971#1 |
    |  5b5b  |
    |  1#a6  |
  ->|   a#2  |<-
    |........|
    |........|
    |........|
     --------

Char 0x0057 'W'
  Font: #0 Hack-Regular (14)
  Bitmap: 9 x 10
  Advance: 8
  Offset: 0 x 0
     ________
    |.........|
    |.........|
    |.........|
    |c5     #4|
    |a7    1#2|
    |89 8# 3# |
    |6a b#34c |
    |4c #856a |
    |2#3b5888 |
    | #782b96 |
    | bb5 cc3 |
    | 9#2 a#1 |
  ->| 7#  7#  |<-
    |.........|
    |.........|
    |.........|
     --------

Char 0x0058 'X'
  Font: #0 Hack-Regular (14)
  Bitmap: 8 x 10
  Advance: 8
  Offset: 0 x 0
     ________
    |........|
    |........|
    |........|
    |1#5   9a|
    | 6c  4#2|
    |  b7 c6 |
    |  3#8b  |
    |   8#3  |
    |   c#6  |
    |  8b3#2 |
    | 3#2 9a |
    | c7  1#5|
  ->|7c    6c|<-
    |........|
    |........|
    |........|
     --------

Char 0x0059 'Y'
  Font: #0 Hack-Regular (14)
  Bitmap: 8 x 10
  Advance: 8
  Offset: 0 x 0
     ________
    |........|
    |........|
    |........|
    |6c    8b|
    | b7  2#4|
    | 3#1 99 |
    |  993#1 |
    |  1#c7  |
    |   8#   |
    |   6c   |
    |   6c   |
    |   6c   |
  ->|   6c   |<-
    |........|
    |........|
    |........|
     --------

Char 0x005a 'Z'
  Font: #0 Hack-Regular (14)
  Bitmap: 8 x 10
  Advance: 8
  Offset: 0 x 0
     ________
    |........|
    |........|
    |........|
    |1######7|
    | 11115#2|
    |    1c7 |
    |    8b  |
    |   4#2  |
    |   c6   |
    |  8b    |
    | 3#2    |
    | c71111 |
  ->|3######9|<-
    |........|
    |........|
    |........|
     --------

Char 0x005b '[' bottom
  Font: #0 Hack-Regular (14)
  Bitmap: 5 x 14
  Advance: 8
  Offset: 2 x -3
     ________
    |........|
    |........|
    |..a###6.|
    |..b711 .|
    |..b6   .|
    |..b6   .|
    |..b6   .|
    |..b6   .|
    |..b6   .|
    |..b6   .|
    |..b6   .|
    |..b6   .|
  ->|..b6   .|<-
    |..b6   .|
    |..b###6.|
    |..1111 .|
     --------

Char 0x005c '\'
  Font: #0 Hack-Regular (14)
  Bitmap: 7 x 12
  Advance: 8
  Offset: 1 x -2
     ________
    |........|
    |........|
    |........|
    |.c5     |
    |.5c     |
    |. c4    |
    |. 6b    |
    |.  #3   |
    |.  7a   |
    |.  1#3  |
    |.   89  |
    |.   2#2 |
  ->|.    98 |<-
    |.    2#1|
    |.     52|
    |........|
     --------

Char 0x005d ']' bottom
  Font: #0 Hack-Regular (14)
  Bitmap: 5 x 14
  Advance: 8
  Offset: 2 x -3
     ________
    |........|
    |........|
    |..####2.|
    |..112#3.|
    |..   #3.|
    |..   #3.|
    |..   #3.|
    |..   #3.|
    |..   #3.|
    |..   #3.|
    |..   #3.|
    |..   #3.|
  ->|..   #3.|<-
    |..   #3.|
    |..####3.|
    |..1111 .|
     --------

Char 0x005e '^'
  Font: #0 Hack-Regular (14)
  Bitmap: 8 x 4
  Advance: 8
  Offset: 0 x 7
     ________
    |........|
    |........|
    |   a#3  |
    |  7b7c1 |
    | 4c1 8a |
    |2c2   97|
    |........|
    |........|
    |........|
    |........|
    |........|
    |........|
  ->|........|<-
    |........|
    |........|
    |........|
     --------

Char 0x005f '_' bottom
  Font: #0 Hack-Regular (14)
  Bitmap: 8 x 2
  Advance: 8
  Offset: 0 x -3
     ________
    |........|
    |........|
    |........|
    |........|
    |........|
    |........|
    |........|
    |........|
    |........|
    |........|
    |........|
    |........|
  ->|........|<-
    |........|
    |4######a|
    | 1111111|
     --------

Char 0x0060 '`'
  Font: #0 Hack-Regular (14)
  Bitmap: 3 x 3
  Advance: 8
  Offset: 2 x 9
     ________
    |........|
    |..63 ...|
    |..3c1...|
    |.. 4a...|
    |........|
    |........|
    |........|
    |........|
    |........|
    |........|
    |........|
    |........|
  ->|........|<-
    |........|
    |........|
    |........|
     --------

Char 0x0061 'a'
  Font: #0 Hack-Regular (14)
  Bitmap: 7 x 8
  Advance: 8
  Offset: 1 x 0
     ________
    |........|
    |........|
    |........|
    |........|
    |........|
    |.3a##92 |
    |.55218c |
    |.     #2|
    |.19b###3|
    |.ba312#3|
    |.#3  3#3|
    |.b813b#4|
  ->|.2b#b4a7|<-
    |........|
    |........|
    |........|
     --------

Char 0x0062 'b'
  Font: #0 Hack-Regular (14)
  Bitmap: 7 x 11
  Advance: 8
  Offset: 1 x 0
     ________
    |........|
    |........|
    |.98     |
    |.98     |
    |.98     |
    |.989#b3 |
    |.9#617# |
    |.9b   c5|
    |.98   a7|
    |.98   a7|
    |.9a   c5|
    |.9#517# |
  ->|.979#c3 |<-
    |........|
    |........|
    |........|
     --------

Char 0x0063 'c'
  Font: #0 Hack-Regular (14)
  Bitmap: 6 x 8
  Advance: 8
  Offset: 1 x 0
     ________
    |........|
    |........|
    |........|
    |........|
    |........|
    |. 3a#c8.|
    |.2#7127.|
    |.8a    .|
    |.b7    .|
    |.b7    .|
    |.8a    .|
    |.2#7127.|
  ->|. 3a#c9.|<-
    |........|
    |........|
    |........|
     --------

Char 0x0064 'd'
  Font: #0 Hack-Regular (14)
  Bitmap: 8 x 11
  Advance: 8
  Offset: 0 x 0
     ________
    |........|
    |........|
    |     1#1|
    |     1#1|
    |     1#1|
    |  9#c6#1|
    | 7c22b#1|
    | #5  4#1|
    |1#2  2#1|
    |1#2  2#1|
    | #5  4#1|
    | 8c22b#1|
  ->|  9#c5#1|<-
    |........|
    |........|
    |........|
     --------

Char 0x0065 'e'
  Font: #0 Hack-Regular (14)
  Bitmap: 8 x 8
  Advance: 8
  Offset: 0 x 0
     ________
    |........|
    |........|
    |........|
    |........|
    |........|
    |  6c#b3 |
    | 6c315#1|
    | c5   a6|
    |1######8|
    |1#411111|
    | c6     |
    | 5#51373|
  ->|  6b#c92|<-
    |........|
    |........|
    |........|
     --------

Char 0x0066 'f'
  Font: #0 Hack-Regular (14)
  Bitmap: 7 x 11
  Advance: 8
  Offset: 1 x 0
     ________
    |........|
    |........|
    |.  2a##1|
    |.  9911 |
    |.  b6   |
    |.c#####1|
    |. 1b611 |
    |.  b6   |
    |.  b6   |
    |.  b6   |
    |.  b6   |
    |.  b6   |
  ->|.  b6   |<-
    |........|
    |........|
    |........|
     --------

Char 0x0067 'g' bottom
  Font: #0 Hack-Regular (14)
  Bitmap: 7 x 11
  Advance: 8
  Offset: 1 x -3
     ________
    |........|
    |........|
    |........|
    |........|
    |........|
    |. 6cc5c4|
    |.5#419#4|
    |.a8  2#4|
    |.c5   #4|
    |.c5   #4|
    |.a8  2#4|
    |.5#429#4|
  ->|. 7#c5#3|<-
    |.    1#2|
    |. 6218b |
    |. a##91 |
     --------

Char 0x0068 'h'
  Font: #0 Hack-Regular (14)
  Bitmap: 7 x 11
  Advance: 8
  Offset: 1 x 0
     ________
    |........|
    |........|
    |.98     |
    |.98     |
    |.98     |
    |.988#c4 |
    |.9#518c |
    |.9a  2#1|
    |.98  1#2|
    |.98  1#2|
    |.98  1#2|
    |.98  1#2|
  ->|.98  1#2|<-
    |........|
    |........|
    |........|
     --------

Char 0x0069 'i'
  Font: #0 Hack-Regular (14)
  Bitmap: 7 x 11
  Advance: 8
  Offset: 1 x 0
     ________
    |........|
    |........|
    |.  8a   |
    |.       |
    |.       |
    |.2##a   |
    |. 17a   |
    |.  7a   |
    |.  7a   |
    |.  7a   |
    |.  6b   |
    |.  3#31 |
  ->|.   7##6|<-
    |........|
    |........|
    |........|
     --------

Char 0x006a 'j' bottom
  Font: #0 Hack-Regular (14)
  Bitmap: 5 x 14
  Advance: 8
  Offset: 1 x -3
     ________
    |........|
    |........|
    |.   a8..|
    |.     ..|
    |.     ..|
    |. 9##a..|
    |.  18a..|
    |.   7a..|
    |.   7a..|
    |.   7a..|
    |.   7a..|
    |.   7a..|
  ->|.   7a..|<-
    |.   89..|
    |. 12c6..|
    |.5##9 ..|
     --------

Char 0x006b 'k'
  Font: #0 Hack-Regular (14)
  Bitmap: 7 x 11
  Advance: 8
  Offset: 1 x 0
     ________
    |........|
    |........|
    |.6b     |
    |.6b     |
    |.6b     |
    |.6b  5#3|
    |.6b 4#3 |
    |.6b4#3  |
    |.6##c   |
    |.6#3b9  |
    |.6b 2#5 |
    |.6b  5#1|
  ->|.6b   aa|<-
    |........|
    |........|
    |........|
     --------

Char 0x006c 'l'
  Font: #0 Hack-Regular (14)
  Bitmap: 7 x 11
  Advance: 8
  Offset: 1 x 0
     ________
    |........|
    |........|
    |.a##7   |
    |. 1a7   |
    |.  a7   |
    |.  a7   |
    |.  a7   |
    |.  a7   |
    |.  a7   |
    |.  a7   |
    |.  97   |
    |.  7b21 |
  ->|.   9##2|<-
    |........|
    |........|
    |........|
     --------

Char 0x006d 'm'
  Font: #0 Hack-Regular (14)
  Bitmap: 8 x 8
  Advance: 8
  Offset: 0 x 0
     ________
    |........|
    |........|
    |........|
    |........|
    |........|
    |3cac5bc2|
    |3#38#298|
    |3c 5b 5a|
    |3c 4b 5a|
    |3c 4b 5a|
    |3c 4b 5a|
    |3c 4b 5a|
  ->|3c 4b 5a|<-
    |........|
    |........|
    |........|
     --------

Char 0x006e 'n'
  Font: #0 Hack-Regular (14)
  Bitmap: 7 x 8
  Advance: 8
  Offset: 1 x 0
     ________
    |........|
    |........|
    |........|
    |........|
    |........|
    |.978#c3 |
    |.9#518c |
    |.9a  2#1|
    |.98  1#2|
    |.98  1#2|
    |.98  1#2|
    |.98  1#2|
  ->|.98  1#2|<-
    |........|
    |........|
    |........|
     --------

Char 0x006f 'o'
  Font: #0 Hack-Regular (14)
  Bitmap: 7 x 8
  Advance: 8
  Offset: 1 x 0
     ________
    |........|
    |........|
    |........|
    |........|
    |........|
    |. 7c#a2 |
    |.6#429c |
    |.c7  1#4|
    |.#4   c6|
    |.#4   c6|
    |.c7  1#4|
    |.6c429c |
  ->|. 7c#a2 |<-
    |........|
    |........|
    |........|
     --------

Char 0x0070 'p' bottom
  Font: #0 Hack-Regular (14)
  Bitmap: 7 x 11
  Advance: 8
  Offset: 1 x -3
     ________
    |........|
    |........|
    |........|
    |........|
    |........|
    |.979#b3 |
    |.9#617c |
    |.9b   #5|
    |.98   b7|
    |.98   b7|
    |.9b   #5|
    |.9#617c |
  ->|.98a#b3 |<-
    |.97     |
    |.97     |
    |.97     |
     --------

Char 0x0071 'q' bottom
  Font: #0 Hack-Regular (14)
  Bitmap: 7 x 11
  Advance: 8
  Offset: 1 x -3
     ________
    |........|
    |........|
    |........|
    |........|
    |........|
    |. 8#c5#3|
    |.6c32b#3|
    |.b6  3#3|
    |.#4  1#3|
    |.#4  1#3|
    |.c6  3#3|
    |.6c32b#3|
  ->|. 8#c5#3|<-
    |.     #3|
    |.     #3|
    |.     #3|
     --------

Char 0x0072 'r'
  Font: #0 Hack-Regular (14)
  Bitmap: 6 x 8
  Advance: 8
  Offset: 2 x 0
     ________
    |........|
    |........|
    |........|
    |........|
    |........|
    |..#39##5|
    |..#b6133|
    |..#8    |
    |..#5    |
    |..#4    |
    |..#4    |
    |..#4    |
  ->|..#4    |<-
    |........|
    |........|
    |........|
     --------

Char 0x0073 's'
  Font: #0 Hack-Regular (14)
  Bitmap: 6 x 8
  Advance: 8
  Offset: 1 x 0
     ________
    |........|
    |........|
    |........|
    |........|
    |........|
    |. 7c#c5.|
    |.4#3135.|
    |.6b    .|
    |.1cc84 .|
    |.  47#9.|
    |.    4#.|
    |.55229b.|
  ->|.4b##a2.|<-
    |........|
    |........|
    |........|
     --------

Char 0x0074 't'
  Font: #0 Hack-Regular (14)
  Bitmap: 7 x 11
  Advance: 8
  Offset: 0 x 0
     ________
    |........|
    |........|
    |   41  .|
    |   #2  .|
    |   #2  .|
    |1######.|
    | 11#311.|
    |   #2  .|
    |   #2  .|
    |   #2  .|
    |   #3  .|
    |   c711.|
  ->|   4b##.|<-
    |........|
    |........|
    |........|
     --------

Char 0x0075 'u'
  Font: #0 Hack-Regular (14)
  Bitmap: 7 x 8
  Advance: 8
  Offset: 1 x 0
     ________
    |........|
    |........|
    |........|
    |........|
    |........|
    |.98  1#2|
    |.98  1#2|
    |.98  1#2|
    |.98  1#2|
    |.98  1#2|
    |.89  3#2|
    |.5#32a#2|
  ->|. 9#b3#2|<-
    |........|
    |........|
    |........|
     --------

Char 0x0076 'v'
  Font: #0 Hack-Regular (14)
  Bitmap: 8 x 8
  Advance: 8
  Offset: 0 x 0
     ________
    |........|
    |........|
    |........|
    |........|
    |........|
    |2#2   a8|
    | b6  1#3|
    | 6b  5c |
    | 1#2 a7 |
    |  a6 #3 |
    |  6b5c  |
    |  1#b7  |
  ->|   a#2  |<-
    |........|
    |........|
    |........|
     --------

Char 0x0077 'w'
  Font: #0 Hack-Regular (14)
  Bitmap: 9 x 8
  Advance: 8
  Offset: 0 x 0
     ________
    |.........|
    |.........|
    |.........|
    |.........|
    |.........|
    |c4     c4|
    |97    1#1|
    |6a 37 4c |
    |3# 8# 78 |
    | #2b74a5 |
    | a7938#2 |
    | 7#5 c#  |
  ->| 4#1 9a  |<-
    |.........|
    |.........|
    |.........|
     --------

Char 0x0078 'x'
  Font: #0 Hack-Regular (14)
  Bitmap: 8 x 8
  Advance: 8
  Offset: 0 x 0
     ________
    |........|
    |........|
    |........|
    |........|
    |........|
    | b7  2#3|
    | 2#3 a8 |
    |  5c7b  |
    |   a#2  |
    |   c#5  |
    |  9a4#1 |
    | 5c1 8b |
  ->|2#4   b7|<-
    |........|
    |........|
    |........|
     --------

Char 0x0079 'y' bottom
  Font: #0 Hack-Regular (14)
  Bitmap: 8 x 11
  Advance: 8
  Offset: 0 x -3
     ________
    |........|
    |........|
    |........|
    |........|
    |........|
    |1#3   89|
    | a8   #4|
    | 4c  4c |
    |  #4 97 |
    |  89 #2 |
    |  3#6b  |
    |   b#6  |
  ->|   6#1  |<-
    |   7a   |
    |  3#4   |
    | a#7    |
     --------

Char 0x007a 'z'
  Font: #0 Hack-Regular (14)
  Bitmap: 7 x 8
  Advance: 8
  Offset: 1 x 0
     ________
    |........|
    |........|
    |........|
    |........|
    |........|
    |.6#####1|
    |. 1118b |
    |.   4#2 |
    |.  1#5  |
    |.  b8   |
    |. 8b    |
    |.5#2111 |
  ->|.8#####1|<-
    |........|
    |........|
    |........|
     --------

Char 0x007b '{' bottom
  Font: #0 Hack-Regular (14)
  Bitmap: 7 x 14
  Advance: 8
  Offset: 0 x -3
     ________
    |........|
    |........|
    |   1ac8.|
    |   7c31.|
    |   99  .|
    |   98  .|
    |   98  .|
    |  1c6  .|
    |1##a   .|
    | 14#5  .|
    |   98  .|
    |   98  .|
  ->|   98  .|<-
    |   7b  .|
    |   2c#8.|
    |     11.|
     --------

Char 0x007c '|' bottom
  Font: #0 Hack-Regular (14)
  Bitmap: 2 x 14
  Advance: 8
  Offset: 3 x -3
     ________
    |........|
    |........|
    |...5b...|
    |...5b...|
    |...5b...|
    |...5b...|
    |...5b...|
    |...5b...|
    |...5b...|
    |...5b...|
    |...5b...|
    |...5b...|
  ->|...5b...|<-
    |...5b...|
    |...5b...|
    |...5b...|
     --------

Char 0x007d '}' bottom
  Font: #0 Hack-Regular (14)
  Bitmap: 7 x 14
  Advance: 8
  Offset: 1 x -3
     ________
    |........|
    |........|
    |.2#b5   |
    |. 27#   |
    |.  3#   |
    |.  2#   |
    |.  2#1  |
    |.   #7  |
    |.   5##8|
    |.   c921|
    |.  2#1  |
    |.  2#   |
  ->|.  3#   |<-
    |.  6#   |
    |.2##6   |
    |. 1     |
     --------

Char 0x007e '~'
  Font: #0 Hack-Regular (14)
  Bitmap: 8 x 4
  Advance: 8
  Offset: 0 x 2
     ________
    |........|
    |........|
    |........|
    |........|
    |........|
    |........|
    |........|
    | 6c91 3a|
    |1#38b179|
    |49  8#c2|
    | 1      |
    |........|
  ->|........|<-
    |........|
    |........|
    |........|
     --------

Char 0x00a0 ' '
  Font: #0 Hack-Regular (14)
  Bitmap: 0 x 0
  Advance: 8
  Offset: 0 x 0
     ________
    |........|
    |........|
    |........|
    |........|
    |........|
    |........|
    |........|
    |........|
    |........|
    |........|
    |........|
    |........|
  ->|........|<-
    |........|
    |........|
    |........|
     --------

Char 0x00a1 '¡'
  Font: #0 Hack-Regular (14)
  Bitmap: 3 x 11
  Advance: 8
  Offset: 3 x -1
     ________
    |........|
    |........|
    |........|
    |...8#2..|
    |...9#3..|
    |... 1 ..|
    |...   ..|
    |...2a ..|
    |...4c ..|
    |...6# ..|
    |...8#1..|
    |...8#2..|
  ->|...8#2..|<-
    |...8#2..|
    |........|
    |........|
     --------

Char 0x00a2 '¢'
  Font: #0 Hack-Regular (14)
  Bitmap: 7 x 12
  Advance: 8
  Offset: 1 x -2
     ________
    |........|
    |........|
    |........|
    |.   36  |
    |.   36  |
    |.  8##b2|
    |. ba5632|
    |.3#136  |
    |.6b 36  |
    |.6b 36  |
    |.4#136  |
    |. aa5742|
  ->|. 18##b2|<-
    |.   36  |
    |.   36  |
    |........|
     --------

Char 0x00a3 '£'
  Font: #0 Hack-Regular (14)
  Bitmap: 7 x 10
  Advance: 8
  Offset: 1 x 0
     ________
    |........|
    |........|
    |........|
    |.  5b#c4|
    |. 2#7122|
    |. 5#    |
    |. 6#    |
    |.a####6 |
    |.17#11  |
    |. 6#    |
    |. 6#    |
    |.16#111 |
  ->|.######8|<-
    |........|
    |........|
    |........|
     --------

Char 0x00a5 '¥'
  Font: #0 Hack-Regular (14)
  Bitmap: 8 x 10
  Advance: 8
  Offset: 0 x 0
     ________
    |........|
    |........|
    |........|
    |5#1   8a|
    | 99  3#1|
    | 1c5 c5 |
    |2abc9#a7|
    |   9#1  |
    |2######8|
    | 117c111|
    |   6c   |
    |   6c   |
  ->|   6c   |<-
    |........|
    |........|
    |........|
     --------

Char 0x00a7 '§' bottom
  Font: #0 Hack-Regular (14)
  Bitmap: 6 x 13
  Advance: 8
  Offset: 1 x -3
     ________
    |........|
    |........|
    |........|
    |. 5c#b3.|
    |.1#5143.|
    |.1#3   .|
    |. 9#5  .|
    |.3c5ba1.|
    |.87  8b.|
    |.5c2 1#.|
    |. 7#78a.|
    |.  2a#1.|
  ->|.    b7.|<-
    |. 3  b7.|
    |. c##a1.|
    |.  1   .|
     --------

Char 0x00a9 '©'
  Font: #0 Hack-Regular (14)
  Bitmap: 9 x 10
  Advance: 8
  Offset: 0 x 0
     ________
    |.........|
    |.........|
    |.........|
    |  7cca2  |
    | a8325c3 |
    |763bc81b |
    |a1c423 73|
    |939    45|
    |a1c2 1 64|
    |846##a b |
    |1b6113b5 |
    | 19##c4  |
  ->|    1    |<-
    |.........|
    |.........|
    |.........|
     --------

Char 0x00aa 'ª'
  Font: #0 Hack-Regular (14)
  Bitmap: 6 x 7
  Advance: 8
  Offset: 1 x 4
     ________
    |........|
    |........|
    |. 6ab7 .|
    |. 2  94.|
    |. 39ac6.|
    |. c2 67.|
    |.1c 1b7.|
    |. 6b965.|
    |. bbbb6.|
    |........|
    |........|
    |........|
  ->|........|<-
    |........|
    |........|
    |........|
     --------

Char 0x00ab '«'
  Font: #0 Hack-Regular (14)
  Bitmap: 7 x 6
  Advance: 8
  Offset: 0 x 1
     ________
    |........|
    |........|
    |........|
    |........|
    |........|
    |........|
    |  28 19.|
    | 3c42c5.|
    |3c22c3 .|
    |2c51b6 .|
    | 1b61b7.|
    |   7  7.|
  ->|........|<-
    |........|
    |........|
    |........|
     --------

Char 0x00ac '¬'
  Font: #0 Hack-Regular (14)
  Bitmap: 8 x 4
  Advance: 8
  Offset: 0 x 2
     ________
    |........|
    |........|
    |........|
    |........|
    |........|
    |........|
    |........|
    |5######b|
    | 111115b|
    |      4b|
    |       1|
    |........|
  ->|........|<-
    |........|
    |........|
    |........|
     --------

Char 0x00ad '­'
  Font: #0 Hack-Regular (14)
  Bitmap: 4 x 2
  Advance: 8
  Offset: 2 x 3
     ________
    |........|
    |........|
    |........|
    |........|
    |........|
    |........|
    |........|
    |........|
    |..7###..|
    |.. 111..|
    |........|
    |........|
  ->|........|<-
    |........|
    |........|
    |........|
     --------

Char 0x00ae '®'
  Font: #0 Hack-Regular (14)
  Bitmap: 9 x 10
  Advance: 8
  Offset: 0 x 0
     ________
    |.........|
    |.........|
    |.........|
    |  7cca2  |
    | a8325c3 |
    |7659861b |
    |a 75 c 73|
    |9 7ab5 45|
    |a 7539 64|
    |8453 73b |
    |1b61 3b5 |
    | 19##c4  |
  ->|    1    |<-
    |.........|
    |.........|
    |.........|
     --------

Char 0x00af '¯'
  Font: #0 Hack-Regular (14)
  Bitmap: 5 x 2
  Advance: 8
  Offset: 2 x 9
     ________
    |........|
    |........|
    |..b###3.|
    |..1111 .|
    |........|
    |........|
    |........|
    |........|
    |........|
    |........|
    |........|
    |........|
  ->|........|<-
    |........|
    |........|
    |........|
     --------

Char 0x00b0 '°'
  Font: #0 Hack-Regular (14)
  Bitmap: 5 x 4
  Advance: 8
  Offset: 2 x 6
     ________
    |........|
    |........|
    |........|
    |..2bc7 .|
    |..b42a3.|
    |..b2 94.|
    |..4##9 .|
    |........|
    |........|
    |........|
    |........|
    |........|
  ->|........|<-
    |........|
    |........|
    |........|
     --------

Char 0x00b1 '±'
  Font: #0 Hack-Regular (14)
  Bitmap: 8 x 8
  Advance: 8
  Offset: 0 x 0
     ________
    |........|
    |........|
    |........|
    |........|
    |........|
    |   5a   |
    |   5a   |
    |5######b|
    | 116b111|
    |   5a   |
    |   5a   |
    | 111111 |
  ->|5######b|<-
    |........|
    |........|
    |........|
     --------

Char 0x00b2 '²' top
  Font: #0 Hack-Regular (14)
  Bitmap: 5 x 5
  Advance: 8
  Offset: 2 x 8
     ________
    |..7ab7 .|
    |..   # .|
    |..  85 .|
    |..193  .|
    |..acaa1.|
    |........|
    |........|
    |........|
    |........|
    |........|
    |........|
    |........|
  ->|........|<-
    |........|
    |........|
    |........|
     --------

Char 0x00b3 '³' top
  Font: #0 Hack-Regular (14)
  Bitmap: 5 x 5
  Advance: 8
  Offset: 2 x 8
     ________
    |..59aa .|
    |.. 6b9 .|
    |..   c2.|
    |..   b3.|
    |..8ab7 .|
    |........|
    |........|
    |........|
    |........|
    |........|
    |........|
    |........|
  ->|........|<-
    |........|
    |........|
    |........|
     --------

Char 0x00b5 'µ' bottom
  Font: #0 Hack-Regular (14)
  Bitmap: 7 x 11
  Advance: 8
  Offset: 1 x -3
     ________
    |........|
    |........|
    |........|
    |........|
    |........|
    |.c5  3# |
    |.c5  3# |
    |.c5  3# |
    |.c5  3# |
    |.c5  4# |
    |.c6  5# |
    |.cc22b#2|
  ->|.c7c#5ba|<-
    |.c3     |
    |.c3     |
    |.c3     |
     --------

Char 0x00b6 '¶'
  Font: #0 Hack-Regular (14)
  Bitmap: 7 x 12
  Advance: 8
  Offset: 0 x -2
     ________
    |........|
    |........|
    |........|
    | 19c###.|
    | b##a1c.|
    |2###a c.|
    |3###a c.|
    | c##a c.|
    | 3b#a c.|
    |   3a c.|
    |   2a c.|
    |   2a c.|
  ->|   2a c.|<-
    |   2a c.|
    |   2a c.|
    |........|
     --------

Char 0x00b7 '·'
  Font: #0 Hack-Regular (14)
  Bitmap: 3 x 3
  Advance: 8
  Offset: 3 x 4
     ________
    |........|
    |........|
    |........|
    |........|
    |........|
    |........|
    |... 1 ..|
    |...a#2..|
    |...8c1..|
    |........|
    |........|
    |........|
  ->|........|<-
    |........|
    |........|
    |........|
     --------

Char 0x00b9 '¹' top
  Font: #0 Hack-Regular (14)
  Bitmap: 5 x 5
  Advance: 8
  Offset: 2 x 8
     ________
    |..6ac  .|
    |.. 1c  .|
    |.. 1c  .|
    |.. 1c  .|
    |..5a#a2.|
    |........|
    |........|
    |........|
    |........|
    |........|
    |........|
    |........|
  ->|........|<-
    |........|
    |........|
    |........|
     --------

Char 0x00ba 'º'
  Font: #0 Hack-Regular (14)
  Bitmap: 6 x 7
  Advance: 8
  Offset: 1 x 3
     ________
    |........|
    |........|
    |........|
    |. 4ab8 .|
    |.1c1 87.|
    |.3a  4a.|
    |.1c1 87.|
    |. 4ab8 .|
    |.      .|
    |.1bbbb6.|
    |........|
    |........|
  ->|........|<-
    |........|
    |........|
    |........|
     --------

Char 0x00bb '»'
  Font: #0 Hack-Regular (14)
  Bitmap: 7 x 6
  Advance: 8
  Offset: 1 x 1
     ________
    |........|
    |........|
    |........|
    |........|
    |........|
    |........|
    |.55 47  |
    |.1b7 a8 |
    |.  a7 99|
    |. 2c51b7|
    |.2c41c5 |
    |.43 34  |
  ->|........|<-
    |........|
    |........|
    |........|
     --------

Char 0x00bf '¿'
  Font: #0 Hack-Regular (14)
  Bitmap: 6 x 11
  Advance: 8
  Offset: 1 x 0
     ________
    |........|
    |........|
    |.  4#3 .|
    |.  5#4 .|
    |.      .|
    |.  3#  .|
    |.  4#  .|
    |.  a9  .|
    |. 9b1  .|
    |.6#1   .|
    |.9a    .|
    |.6#4259.|
  ->|. 7c#a4.|<-
    |........|
    |........|
    |........|
     --------

Char 0x00c0 'À' top
  Font: #0 Hack-Regular (14)
  Bitmap: 8 x 13
  Advance: 8
  Offset: 0 x 0
     ________
    |  2c1   |
    |   59   |
    |        |
    |   a#2  |
    |  1#b7  |
    |  5b5b  |
    |  a71#1 |
    |  #3 b6 |
    | 4c  6a |
    | 9#####1|
    | #5222c5|
    |3#1   99|
  ->|8b    5#|<-
    |........|
    |........|
    |........|
     --------

Char 0x00c1 'Á' top
  Font: #0 Hack-Regular (14)
  Bitmap: 8 x 13
  Advance: 8
  Offset: 0 x 0
     ________
    |    88  |
    |   2c   |
    |   11   |
    |   a#2  |
    |  1#b7  |
    |  5b5b  |
    |  a71#1 |
    |  #3 b6 |
    | 4c  6a |
    | 9#####1|
    | #5222c5|
    |3#1   99|
  ->|8b    5#|<-
    |........|
    |........|
    |........|
     --------

Char 0x00c2 'Â' top
  Font: #0 Hack-Regular (14)
  Bitmap: 8 x 13
  Advance: 8
  Offset: 0 x 0
     ________
    |   a#2  |
    |  583a  |
    |  2  2  |
    |   a#2  |
    |  1#b7  |
    |  5b5b  |
    |  a71#1 |
    |  #3 b6 |
    | 4c  6a |
    | 9#####1|
    | #5222c5|
    |3#1   99|
  ->|8b    5#|<-
    |........|
    |........|
    |........|
     --------

Char 0x00c3 'Ã' top
  Font: #0 Hack-Regular (14)
  Bitmap: 8 x 13
  Advance: 8
  Offset: 0 x 0
     ________
    |  7c465 |
    |  b3aa1 |
    |        |
    |   a#2  |
    |  1#b7  |
    |  5b5b  |
    |  a71#1 |
    |  #3 b6 |
    | 4c  6a |
    | 9#####1|
    | #5222c5|
    |3#1   99|
  ->|8b    5#|<-
    |........|
    |........|
    |........|
     --------

Char 0x00c4 'Ä' top
  Font: #0 Hack-Regular (14)
  Bitmap: 8 x 13
  Advance: 8
  Offset: 0 x 0
     ________
    |  a71#2 |
    |  1  1  |
    |        |
    |   a#2  |
    |  1#b7  |
    |  5b5b  |
    |  a71#1 |
    |  #3 b6 |
    | 4c  6a |
    | 9#####1|
    | #5222c5|
    |3#1   99|
  ->|8b    5#|<-
    |........|
    |........|
    |........|
     --------

Char 0x00c5 'Å' top
  Font: #0 Hack-Regular (14)
  Bitmap: 8 x 13
  Advance: 8
  Offset: 0 x 0
     ________
    |  1ac5  |
    |  762c  |
    |  651b  |
    |   ##6  |
    |  2#a7  |
    |  6b5b  |
    |  a71#2 |
    | 1#2 a6 |
    | 5c  6a |
    | 9#####1|
    | #5222c5|
    |4#1   99|
  ->|8b    5#|<-
    |........|
    |........|
    |........|
     --------

Char 0x00c6 'Æ'
  Font: #0 Hack-Regular (14)
  Bitmap: 8 x 10
  Advance: 8
  Offset: 0 x 0
     ________
    |........|
    |........|
    |........|
    |  4#####|
    |  87991 |
    |  c388  |
    | 2# 88  |
    | 69 8##9|
    | a5 8911|
    | ####8  |
    |4c1198  |
    |88  8911|
  ->|c5  8###|<-
    |........|
    |........|
    |........|
     --------

Char 0x00c7 'Ç' bottom
  Font: #0 Hack-Regular (14)
  Bitmap: 7 x 13
  Advance: 8
  Offset: 1 x -3
     ________
    |........|
    |........|
    |........|
    |. 29##a2|
    |.1#92263|
    |.8c     |
    |.c7     |
    |.#6     |
    |.#6     |
    |.c7     |
    |.9c     |
    |.2#92253|
  ->|. 3a##b2|<-
    |.    b  |
    |.  11c2 |
    |.  7#a  |
     --------

Char 0x00c8 'È' top
  Font: #0 Hack-Regular (14)
  Bitmap: 7 x 13
  Advance: 8
  Offset: 1 x 0
     ________
    |.  c3   |
    |.  3b   |
    |.   2   |
    |.9#####5|
    |.9a1111 |
    |.9a     |
    |.9a     |
    |.9#####2|
    |.9a1111 |
    |.9a     |
    |.9a     |
    |.9a1111 |
  ->|.9#####7|<-
    |........|
    |........|
    |........|
     --------

Char 0x00c9 'É' top
  Font: #0 Hack-Regular (14)
  Bitmap: 7 x 13
  Advance: 8
  Offset: 1 x 0
     ________
    |.   88  |
    |.  2b   |
    |.  11   |
    |.9#####5|
    |.9a1111 |
    |.9a     |
    |.9a     |
    |.9#####2|
    |.9a1111 |
    |.9a     |
    |.9a     |
    |.9a1111 |
  ->|.9#####7|<-
    |........|
    |........|
    |........|
     --------

Char 0x00ca 'Ê' top
  Font: #0 Hack-Regular (14)
  Bitmap: 7 x 13
  Advance: 8
  Offset: 1 x 0
     ________
    |.  8#4  |
    |. 3a2b  |
    |. 2  21 |
    |.9#####5|
    |.9a1111 |
    |.9a     |
    |.9a     |
    |.9#####2|
    |.9a1111 |
    |.9a     |
    |.9a     |
    |.9a1111 |
  ->|.9#####7|<-
    |........|
    |........|
    |........|
     --------

Char 0x00cb 'Ë' top
  Font: #0 Hack-Regular (14)
  Bitmap: 7 x 13
  Advance: 8
  Offset: 1 x 0
     ________
    |. 98 #4 |
    |.    1  |
    |.       |
    |.9#####5|
    |.9a1111 |
    |.9a     |
    |.9a     |
    |.9#####2|
    |.9a1111 |
    |.9a     |
    |.9a     |
    |.9a1111 |
  ->|.9#####7|<-
    |........|
    |........|
    |........|
     --------

Char 0x00cc 'Ì' top
  Font: #0 Hack-Regular (14)
  Bitmap: 6 x 13
  Advance: 8
  Offset: 1 x 0
     ________
    |. 2c1  .|
    |.  5a  .|
    |.   2  .|
    |.8#####.|
    |. 17c11.|
    |.  6c  .|
    |.  6c  .|
    |.  6c  .|
    |.  6c  .|
    |.  6c  .|
    |.  6c  .|
    |. 17c11.|
  ->|.8#####.|<-
    |........|
    |........|
    |........|
     --------

Char 0x00cd 'Í' top
  Font: #0 Hack-Regular (14)
  Bitmap: 6 x 13
  Advance: 8
  Offset: 1 x 0
     ________
    |.   88 .|
    |.  2c  .|
    |.  11  .|
    |.8#####.|
    |. 17c11.|
    |.  6c  .|
    |.  6c  .|
    |.  6c  .|
    |.  6c  .|
    |.  6c  .|
    |.  6c  .|
    |. 17c11.|
  ->|.8#####.|<-
    |........|
    |........|
    |........|
     --------

Char 0x00ce 'Î' top
  Font: #0 Hack-Regular (14)
  Bitmap: 6 x 13
  Advance: 8
  Offset: 1 x 0
     ________
    |.  a#2 .|
    |. 583b .|
    |. 2  2 .|
    |.8#####.|
    |. 17c11.|
    |.  6c  .|
    |.  6c  .|
    |.  6c  .|
    |.  6c  .|
    |.  6c  .|
    |.  6c  .|
    |. 17c11.|
  ->|.8#####.|<-
    |........|
    |........|
    |........|
     --------

Char 0x00cf 'Ï' top
  Font: #0 Hack-Regular (14)
  Bitmap: 6 x 13
  Advance: 8
  Offset: 1 x 0
     ________
    |. a71#2.|
    |. 1  1 .|
    |.      .|
    |.8#####.|
    |. 17c11.|
    |.  6c  .|
    |.  6c  .|
    |.  6c  .|
    |.  6c  .|
    |.  6c  .|
    |.  6c  .|
    |. 17c11.|
  ->|.8#####.|<-
    |........|
    |........|
    |........|
     --------

Char 0x00d0 'Ð'
  Font: #0 Hack-Regular (14)
  Bitmap: 8 x 10
  Advance: 8
  Offset: 0 x 0
     ________
    |........|
    |........|
    |........|
    |1###b6  |
    |1#515c8 |
    |1#4  4#1|
    |1#4   #5|
    |c###1 c7|
    |2#51  c6|
    |1#4   #5|
    |1#4  4#1|
    |1#514c8 |
  ->|1###b6  |<-
    |........|
    |........|
    |........|
     --------

Char 0x00d1 'Ñ' top
  Font: #0 Hack-Regular (14)
  Bitmap: 7 x 13
  Advance: 8
  Offset: 1 x 0
     ________
    |. 8c465 |
    |. b2aa1 |
    |.       |
    |.#c   c6|
    |.##4  c6|
    |.#aa  c6|
    |.#4#2 c6|
    |.#388 c6|
    |.#32# c6|
    |.#3 a5c6|
    |.#3 4bc6|
    |.#3  c#6|
  ->|.#3  6#6|<-
    |........|
    |........|
    |........|
     --------

Char 0x00d2 'Ò' top
  Font: #0 Hack-Regular (14)
  Bitmap: 8 x 13
  Advance: 8
  Offset: 0 x 0
     ________
    |  1#2   |
    |   5a   |
    |    4   |
    |  7c#a2 |
    | 6#429c |
    | c7  1#4|
    |1#4   c7|
    |2#3   b8|
    |2#3   b8|
    |1#4   c7|
    | c7  1#4|
    | 6#429c |
  ->|  7c#a2 |<-
    |........|
    |........|
    |........|
     --------

Char 0x00d3 'Ó' top
  Font: #0 Hack-Regular (14)
  Bitmap: 8 x 13
  Advance: 8
  Offset: 0 x 0
     ________
    |    6a  |
    |   1c1  |
    |   23   |
    |  7c#a2 |
    | 6#429c |
    | c7  1#4|
    |1#4   c7|
    |2#3   b8|
    |2#3   b8|
    |1#4   c7|
    | c7  1#4|
    | 6#429c |
  ->|  7c#a2 |<-
    |........|
    |........|
    |........|
     --------

Char 0x00d4 'Ô' top
  Font: #0 Hack-Regular (14)
  Bitmap: 8 x 13
  Advance: 8
  Offset: 0 x 0
     ________
    |   8#3  |
    |  2b3b  |
    |  32 31 |
    |  7c#a2 |
    | 6#429c |
    | c7  1#4|
    |1#4   c7|
    |2#3   b8|
    |2#3   b8|
    |1#4   c7|
    | c7  1#4|
    | 6#429c |
  ->|  7c#a2 |<-
    |........|
    |........|
    |........|
     --------

Char 0x00d5 'Õ' top
  Font: #0 Hack-Regular (14)
  Bitmap: 8 x 13
  Advance: 8
  Offset: 0 x 0
     ________
    |  8c465 |
    |  b2aa1 |
    |        |
    |  7c#a2 |
    | 6#429c |
    | c7  1#4|
    |1#4   c7|
    |2#3   b8|
    |2#3   b8|
    |1#4   c7|
    | c7  1#4|
    | 6#429c |
  ->|  7c#a2 |<-
    |........|
    |........|
    |........|
     --------

Char 0x00d6 'Ö' top
  Font: #0 Hack-Regular (14)
  Bitmap: 8 x 13
  Advance: 8
  Offset: 0 x 0
     ________
    |  a71#2 |
    |  1  1  |
    |        |
    |  7c#a2 |
    | 6#429c |
    | c7  1#4|
    |1#4   c7|
    |2#3   b8|
    |2#3   b8|
    |1#4   c7|
    | c7  1#4|
    | 6#429c |
  ->|  7c#a2 |<-
    |........|
    |........|
    |........|
     --------

Char 0x00d7 '×'
  Font: #0 Hack-Regular (14)
  Bitmap: 7 x 7
  Advance: 8
  Offset: 1 x 1
     ________
    |........|
    |........|
    |........|
    |........|
    |........|
    |.31   4 |
    |.8b1 6#2|
    |. 9b7#2 |
    |.  b#3  |
    |. 6#ab1 |
    |.6#2 9b1|
    |.62   71|
  ->|........|<-
    |........|
    |........|
    |........|
     --------

Char 0x00d8 'Ø'
  Font: #0 Hack-Regular (14)
  Bitmap: 8 x 11
  Advance: 8
  Offset: 0 x -1
     ________
    |........|
    |........|
    |........|
    |  7c#a3b|
    | 6#319#4|
    | c7  6#4|
    |1#5 2ac7|
    |2#3 a1b8|
    |2#373 b8|
    |1#77  c7|
    | ca  1#4|
    |1cc329c |
  ->|947c#a2 |<-
    |1       |
    |........|
    |........|
     --------

Char 0x00d9 'Ù' top
  Font: #0 Hack-Regular (14)
  Bitmap: 7 x 13
  Advance: 8
  Offset: 1 x 0
     ________
    |. 1c2   |
    |.  5a   |
    |.   2   |
    |.#5   #5|
    |.#5   #5|
    |.#5   #5|
    |.#5   #5|
    |.#5   #5|
    |.#5   #5|
    |.#5   #5|
    |.c6   #4|
    |.8b317#1|
  ->|. 8c#b3 |<-
    |........|
    |........|
    |........|
     --------

Char 0x00da 'Ú' top
  Font: #0 Hack-Regular (14)
  Bitmap: 7 x 13
  Advance: 8
  Offset: 1 x 0
     ________
    |.   97  |
    |.  4a   |
    |.  1    |
    |.#5   #5|
    |.#5   #5|
    |.#5   #5|
    |.#5   #5|
    |.#5   #5|
    |.#5   #5|
    |.#5   #5|
    |.c6   #4|
    |.8b317#1|
  ->|. 8c#b3 |<-
    |........|
    |........|
    |........|
     --------

Char 0x00db 'Û' top
  Font: #0 Hack-Regular (14)
  Bitmap: 7 x 13
  Advance: 8
  Offset: 1 x 0
     ________
    |.  a#2  |
    |. 583a  |
    |. 2  2  |
    |.#5   #5|
    |.#5   #5|
    |.#5   #5|
    |.#5   #5|
    |.#5   #5|
    |.#5   #5|
    |.#5   #5|
    |.c6   #4|
    |.8b317#1|
  ->|. 8c#b3 |<-
    |........|
    |........|
    |........|
     --------

Char 0x00dc 'Ü' top
  Font: #0 Hack-Regular (14)
  Bitmap: 7 x 13
  Advance: 8
  Offset: 1 x 0
     ________
    |. a71#2 |
    |. 1  1  |
    |.       |
    |.#5   #5|
    |.#5   #5|
    |.#5   #5|
    |.#5   #5|
    |.#5   #5|
    |.#5   #5|
    |.#5   #5|
    |.c6   #4|
    |.8b317#1|
  ->|. 8c#b3 |<-
    |........|
    |........|
    |........|
     --------

Char 0x00dd 'Ý' top
  Font: #0 Hack-Regular (14)
  Bitmap: 8 x 13
  Advance: 8
  Offset: 0 x 0
     ________
    |    97  |
    |   4a   |
    |   21   |
    |6c    8b|
    | b7  2#4|
    | 3#1 99 |
    |  993#1 |
    |  1#c7  |
    |   8#   |
    |   6c   |
    |   6c   |
    |   6c   |
  ->|   6c   |<-
    |........|
    |........|
    |........|
     --------

Char 0x00de 'Þ'
  Font: #0 Hack-Regular (14)
  Bitmap: 7 x 10
  Advance: 8
  Offset: 1 x 0
     ________
    |........|
    |........|
    |........|
    |.8a     |
    |.8###b7 |
    |.8a125#7|
    |.8a   8c|
    |.8a   7c|
    |.8a  2c9|
    |.8####91|
    |.8a11   |
    |.8a     |
  ->|.8a     |<-
    |........|
    |........|
    |........|
     --------

Char 0x00df 'ß'
  Font: #0 Hack-Regular (14)
  Bitmap: 7 x 11
  Advance: 8
  Offset: 1 x 0
     ________
    |........|
    |........|
    |. 7c#91 |
    |.5c3199 |
    |.98  5# |
    |.a7 a82 |
    |.a74c   |
    |.a73#3  |
    |.a7 6#7 |
    |.a7  2c7|
    |.a7   6b|
    |.a7412a9|
  ->|.a79##91|<-
    |........|
    |........|
    |........|
     --------

Char 0x00e0 'à'
  Font: #0 Hack-Regular (14)
  Bitmap: 7 x 12
  Advance: 8
  Offset: 1 x 0
     ________
    |........|
    |. 98    |
    |. 1c3   |
    |.  3b   |
    |.       |
    |.3a##a2 |
    |.55218c |
    |.     #2|
    |.18c###3|
    |.aa312#3|
    |.#3  3#3|
    |.c813b#4|
  ->|.3b#c6a7|<-
    |........|
    |........|
    |........|
     --------

Char 0x00e1 'á'
  Font: #0 Hack-Regular (14)
  Bitmap: 7 x 12
  Advance: 8
  Offset: 1 x 0
     ________
    |........|
    |.   2#2 |
    |.   a6  |
    |.  59   |
    |.       |
    |.3a##a2 |
    |.55218c |
    |.     #2|
    |.18bcc#3|
    |.aa211#3|
    |.#3  3#3|
    |.c813b#4|
  ->|.3b#c6a7|<-
    |........|
    |........|
    |........|
     --------

Char 0x00e2 'â'
  Font: #0 Hack-Regular (14)
  Bitmap: 7 x 12
  Advance: 8
  Offset: 1 x 0
     ________
    |........|
    |.  7#1  |
    |. 1c78  |
    |. 94 b2 |
    |.       |
    |.3a##a2 |
    |.55218c |
    |.     #2|
    |.18c###3|
    |.aa312#3|
    |.#3  3#3|
    |.c813b#4|
  ->|.3b#c6a7|<-
    |........|
    |........|
    |........|
     --------

Char 0x00e3 'ã'
  Font: #0 Hack-Regular (14)
  Bitmap: 7 x 12
  Advance: 8
  Offset: 1 x 0
     ________
    |........|
    |. 5b155 |
    |. b5974 |
    |. b 8c  |
    |.       |
    |.3a##a2 |
    |.55218c |
    |.     #2|
    |.18c###3|
    |.aa312#3|
    |.#3  3#3|
    |.c813b#4|
  ->|.3b#c6a7|<-
    |........|
    |........|
    |........|
     --------

Char 0x00e4 'ä'
  Font: #0 Hack-Regular (14)
  Bitmap: 7 x 11
  Advance: 8
  Offset: 1 x 0
     ________
    |........|
    |........|
    |. a71#3 |
    |.    1  |
    |.       |
    |.3a##a2 |
    |.55218c |
    |.     #2|
    |.18c###3|
    |.aa312#3|
    |.#3  3#3|
    |.c813b#4|
  ->|.3b#c6a7|<-
    |........|
    |........|
    |........|
     --------

Char 0x00e5 'å' top
  Font: #0 Hack-Regular (14)
  Bitmap: 7 x 13
  Advance: 8
  Offset: 1 x 0
     ________
    |. 1ac5  |
    |. 772c  |
    |. 75 b  |
    |. 1c#7  |
    |.       |
    |.3a##a2 |
    |.55218c |
    |.     #2|
    |.18c###3|
    |.aa312#3|
    |.#3  3#3|
    |.c813b#4|
  ->|.3b#c6a7|<-
    |........|
    |........|
    |........|
     --------

Char 0x00e6 'æ'
  Font: #0 Hack-Regular (14)
  Bitmap: 9 x 8
  Advance: 8
  Offset: 0 x 0
     ________
    |.........|
    |.........|
    |.........|
    |.........|
    |.........|
    |2b#a5cc5 |
    |1318#34# |
    |   3c  #2|
    | 8c#####2|
    |6b35b111 |
    |96 4c    |
    |7a19#515 |
  ->|1a#94c#9 |<-
    |.........|
    |.........|
    |.........|
     --------

Char 0x00e7 'ç' bottom
  Font: #0 Hack-Regular (14)
  Bitmap: 6 x 11
  Advance: 8
  Offset: 1 x -3
     ________
    |........|
    |........|
    |........|
    |........|
    |........|
    |. 3a#c8.|
    |.2#7227.|
    |.8a    .|
    |.b7    .|
    |.b7    .|
    |.9a    .|
    |.2#7217.|
  ->|. 3b##a.|<-
    |.   29 .|
    |.  22# .|
    |.  a#8 .|
     --------

Char 0x00e8 'è'
  Font: #0 Hack-Regular (14)
  Bitmap: 8 x 12
  Advance: 8
  Offset: 0 x 0
     ________
    |........|
    |  89    |
    |   b4   |
    |   2c   |
    |        |
    |  6c#b3 |
    | 5c415#1|
    | c5   a6|
    |1######8|
    |1#3     |
    | c6     |
    | 5#51373|
  ->|  5b#c92|<-
    |........|
    |........|
    |........|
     --------

Char 0x00e9 'é'
  Font: #0 Hack-Regular (14)
  Bitmap: 8 x 12
  Advance: 8
  Offset: 0 x 0
     ________
    |........|
    |    1#3 |
    |    97  |
    |   4a   |
    |        |
    |  6c#b3 |
    | 5c415#1|
    | c5   a6|
    |1######8|
    |1#411111|
    | c6     |
    | 5#51373|
  ->|  5b#c92|<-
    |........|
    |........|
    |........|
     --------

Char 0x00ea 'ê'
  Font: #0 Hack-Regular (14)
  Bitmap: 8 x 12
  Advance: 8
  Offset: 0 x 0
     ________
    |........|
    |   6#1  |
    |  1c69  |
    |  85 a3 |
    |        |
    |  6c#b3 |
    | 5c415#1|
    | c5   a6|
    |1######8|
    |1#411111|
    | c6     |
    | 5#51373|
  ->|  5b#c92|<-
    |........|
    |........|
    |........|
     --------

Char 0x00eb 'ë'
  Font: #0 Hack-Regular (14)
  Bitmap: 8 x 11
  Advance: 8
  Offset: 0 x 0
     ________
    |........|
    |........|
    |  99 #4 |
    |        |
    |        |
    |  6c#b3 |
    | 5c415#1|
    | c5   a6|
    |1######8|
    |1#411111|
    | c6     |
    | 5#51373|
  ->|  5b#c92|<-
    |........|
    |........|
    |........|
     --------

Char 0x00ec 'ì'
  Font: #0 Hack-Regular (14)
  Bitmap: 7 x 12
  Advance: 8
  Offset: 1 x 0
     ________
    |........|
    |.26     |
    |. 88    |
    |.  95   |
    |.       |
    |.2##a   |
    |. 17a   |
    |.  7a   |
    |.  7a   |
    |.  7a   |
    |.  6b   |
    |.  3#31 |
  ->|.   7##6|<-
    |........|
    |........|
    |........|
     --------

Char 0x00ed 'í'
  Font: #0 Hack-Regular (14)
  Bitmap: 7 x 12
  Advance: 8
  Offset: 1 x 0
     ________
    |........|
    |.    53 |
    |.   4b  |
    |.  2b1  |
    |.       |
    |.2##a   |
    |. 17a   |
    |.  7a   |
    |.  7a   |
    |.  7a   |
    |.  6b   |
    |.  3#31 |
  ->|.   7##6|<-
    |........|
    |........|
    |........|
     --------

Char 0x00ee 'î'
  Font: #0 Hack-Regular (14)
  Bitmap: 7 x 12
  Advance: 8
  Offset: 1 x 0
     ________
    |........|
    |.  44   |
    |. 2bb2  |
    |. a22b  |
    |.       |
    |.2##a   |
    |. 17a   |
    |.  7a   |
    |.  7a   |
    |.  7a   |
    |.  6b   |
    |.  3#31 |
  ->|.   7##6|<-
    |........|
    |........|
    |........|
     --------

Char 0x00ef 'ï'
  Font: #0 Hack-Regular (14)
  Bitmap: 7 x 11
  Advance: 8
  Offset: 1 x 0
     ________
    |........|
    |........|
    |. #53#1 |
    |.       |
    |.       |
    |.2##a   |
    |. 17a   |
    |.  7a   |
    |.  7a   |
    |.  7a   |
    |.  6b   |
    |.  3#31 |
  ->|.   7##6|<-
    |........|
    |........|
    |........|
     --------

Char 0x00f0 'ð'
  Font: #0 Hack-Regular (14)
  Bitmap: 7 x 11
  Advance: 8
  Offset: 1 x 0
     ________
    |........|
    |........|
    |. 6c243 |
    |. 5c#5  |
    |.13 99  |
    |. 7c##5 |
    |.6#417c |
    |.b7  1#3|
    |.#4   c6|
    |.#4   c6|
    |.b7  1#4|
    |.6#429c |
  ->|. 7c#a2 |<-
    |........|
    |........|
    |........|
     --------

Char 0x00f1 'ñ'
  Font: #0 Hack-Regular (14)
  Bitmap: 7 x 11
  Advance: 8
  Offset: 1 x 0
     ________
    |........|
    |........|
    |. 8c465 |
    |. b2ab1 |
    |.       |
    |.978#c4 |
    |.9#518c |
    |.9a  2#1|
    |.98  1#2|
    |.98  1#2|
    |.98  1#2|
    |.98  1#2|
  ->|.98  1#2|<-
    |........|
    |........|
    |........|
     --------

Char 0x00f2 'ò'
  Font: #0 Hack-Regular (14)
  Bitmap: 7 x 12
  Advance: 8
  Offset: 1 x 0
     ________
    |........|
    |. a8    |
    |. 1c3   |
    |.  3b   |
    |.       |
    |. 7c#a2 |
    |.6c329c |
    |.c6  1#4|
    |.#4   c6|
    |.#4   c6|
    |.c6  1#4|
    |.6c329c |
  ->|. 7c#a2 |<-
    |........|
    |........|
    |........|
     --------

Char 0x00f3 'ó'
  Font: #0 Hack-Regular (14)
  Bitmap: 7 x 12
  Advance: 8
  Offset: 1 x 0
     ________
    |........|
    |.   2#2 |
    |.   a5  |
    |.  69   |
    |.       |
    |. 7c#a2 |
    |.6c329c |
    |.c6  1#4|
    |.#4   c6|
    |.#4   c6|
    |.c6  1#4|
    |.6c329c |
  ->|. 7c#a2 |<-
    |........|
    |........|
    |........|
     --------

Char 0x00f4 'ô'
  Font: #0 Hack-Regular (14)
  Bitmap: 7 x 12
  Advance: 8
  Offset: 1 x 0
     ________
    |........|
    |.  7c   |
    |. 2c77  |
    |. 94 b2 |
    |.       |
    |. 7c#a2 |
    |.6c329c |
    |.c6  1#4|
    |.#4   c6|
    |.#4   c6|
    |.c6  1#4|
    |.6c329c |
  ->|. 7c#a2 |<-
    |........|
    |........|
    |........|
     --------

Char 0x00f5 'õ'
  Font: #0 Hack-Regular (14)
  Bitmap: 7 x 11
  Advance: 8
  Offset: 1 x 0
     ________
    |........|
    |........|
    |. 8c465 |
    |. b2ab1 |
    |.       |
    |. 7c#a2 |
    |.6c329c |
    |.c6  1#4|
    |.#4   c6|
    |.#4   c6|
    |.c6  1#4|
    |.6c329c |
  ->|. 7c#a2 |<-
    |........|
    |........|
    |........|
     --------

Char 0x00f6 'ö'
  Font: #0 Hack-Regular (14)
  Bitmap: 7 x 11
  Advance: 8
  Offset: 1 x 0
     ________
    |........|
    |........|
    |. b71#2 |
    |.    1  |
    |.       |
    |. 7c#a2 |
    |.6c329c |
    |.c6  1#4|
    |.#4   c6|
    |.#4   c6|
    |.c6  1#4|
    |.6c329c |
  ->|. 7c#a2 |<-
    |........|
    |........|
    |........|
     --------

Char 0x00f7 '÷'
  Font: #0 Hack-Regular (14)
  Bitmap: 8 x 7
  Advance: 8
  Offset: 0 x 1
     ________
    |........|
    |........|
    |........|
    |........|
    |........|
    |   8#   |
    |   7b   |
    |        |
    |5######b|
    | 1111111|
    |   7b   |
    |   8#   |
  ->|........|<-
    |........|
    |........|
    |........|
     --------

Char 0x00f8 'ø'
  Font: #0 Hack-Regular (14)
  Bitmap: 8 x 10
  Advance: 8
  Offset: 0 x -1
     ________
    |........|
    |........|
    |........|
    |........|
    |       2|
    |  7c#a79|
    | 6c32a# |
    | c6 1b#4|
    | #4 b3c6|
    | #4a4 c6|
    | cc6 1#4|
    | 9#329c |
  ->|4a6c#a2 |<-
    |21      |
    |........|
    |........|
     --------

Char 0x00f9 'ù'
  Font: #0 Hack-Regular (14)
  Bitmap: 7 x 12
  Advance: 8
  Offset: 1 x 0
     ________
    |........|
    |. 63    |
    |. 3c1   |
    |.  4a   |
    |.       |
    |.98  1#2|
    |.98  1#2|
    |.98  1#2|
    |.98  1#2|
    |.98  1#2|
    |.89  3#2|
    |.5#32a#2|
  ->|. 9#b3#2|<-
    |........|
    |........|
    |........|
     --------

Char 0x00fa 'ú'
  Font: #0 Hack-Regular (14)
  Bitmap: 7 x 12
  Advance: 8
  Offset: 1 x 0
     ________
    |........|
    |.    62 |
    |.   88  |
    |.  5a   |
    |.       |
    |.98  1#2|
    |.98  1#2|
    |.98  1#2|
    |.98  1#2|
    |.98  1#2|
    |.89  3#2|
    |.5#32a#2|
  ->|. 9#b3#2|<-
    |........|
    |........|
    |........|
     --------

Char 0x00fb 'û'
  Font: #0 Hack-Regular (14)
  Bitmap: 7 x 12
  Advance: 8
  Offset: 1 x 0
     ________
    |........|
    |.  36   |
    |.  ba5  |
    |. 85 b1 |
    |.       |
    |.98  1#2|
    |.98  1#2|
    |.98  1#2|
    |.98  1#2|
    |.98  1#2|
    |.89  3#2|
    |.5#32a#2|
  ->|. 9#b3#2|<-
    |........|
    |........|
    |........|
     --------

Char 0x00fc 'ü'
  Font: #0 Hack-Regular (14)
  Bitmap: 7 x 11
  Advance: 8
  Offset: 1 x 0
     ________
    |........|
    |........|
    |. b71#2 |
    |.    1  |
    |.       |
    |.98  1#2|
    |.98  1#2|
    |.98  1#2|
    |.98  1#2|
    |.98  1#2|
    |.89  3#2|
    |.5#32a#2|
  ->|. 9#b3#2|<-
    |........|
    |........|
    |........|
     --------

Char 0x00fd 'ý' bottom
  Font: #0 Hack-Regular (14)
  Bitmap: 8 x 15
  Advance: 8
  Offset: 0 x -3
     ________
    |........|
    |     62 |
    |    88  |
    |   5a   |
    |        |
    |1#3   89|
    | a8   #4|
    | 4c  4c |
    |  #4 97 |
    |  89 #2 |
    |  3#6b  |
    |   b#6  |
  ->|   6#1  |<-
    |   7a   |
    |  3#4   |
    | a#8    |
     --------

Char 0x00fe 'þ' bottom
  Font: #0 Hack-Regular (14)
  Bitmap: 7 x 14
  Advance: 8
  Offset: 1 x -3
     ________
    |........|
    |........|
    |.97     |
    |.97     |
    |.97     |
    |.989#b3 |
    |.9#517c |
    |.9a   #5|
    |.98   b7|
    |.98   b7|
    |.9a   #5|
    |.9#617# |
  ->|.989#b3 |<-
    |.97     |
    |.97     |
    |.97     |
     --------

Char 0x00ff 'ÿ' bottom
  Font: #0 Hack-Regular (14)
  Bitmap: 8 x 13
  Advance: 8
  Offset: 0 x -3
     ________
    |........|
    |........|
    |........|
    |  b71#2 |
    |     1  |
    |1#3   89|
    | a8   #4|
    | 4c  4c |
    |  #4 97 |
    |  89 #2 |
    |  3#6b  |
    |   b#6  |
  ->|   6#1  |<-
    |   7a   |
    |  3#4   |
    | a#8    |
     --------

Char 0x0152 'Œ'
  Font: #0 Hack-Regular (14)
  Bitmap: 9 x 10
  Advance: 8
  Offset: 0 x 0
     ________
    |.........|
    |.........|
    |.........|
    | 29#####3|
    | ba28b11 |
    |3#1 7b   |
    |5#  7b   |
    |6c  7### |
    |6c  7b11 |
    |5#  7b   |
    |3#1 7b   |
    | ba28b11 |
  ->| 19#####4|<-
    |.........|
    |.........|
    |.........|
     --------

Char 0x0153 'œ'
  Font: #0 Hack-Regular (14)
  Bitmap: 9 x 8
  Advance: 8
  Offset: 0 x 0
     ________
    |.........|
    |.........|
    |.........|
    |.........|
    |.........|
    | 9#a4cc6 |
    |7a29#43# |
    |b5 3#  b2|
    |c4 2####3|
    |c4 2#111 |
    |b5 3#    |
    |7a19#6151|
  ->| a#a4b#a |<-
    |.........|
    |.........|
    |.........|
     --------

Char 0x0160 'Š' top
  Font: #0 Hack-Regular (14)
  Bitmap: 7 x 13
  Advance: 8
  Offset: 1 x 0
     ________
    |. 67 b1 |
    |.  ba7  |
    |.  25   |
    |. 8c#c8 |
    |.9b3137 |
    |.#4     |
    |.c8     |
    |.4##95  |
    |.  48cb |
    |.    1#5|
    |.     c6|
    |.94117#2|
  ->|.7b##a4 |<-
    |........|
    |........|
    |........|
     --------

Char 0x0161 'š'
  Font: #0 Hack-Regular (14)
  Bitmap: 6 x 12
  Advance: 8
  Offset: 1 x 0
     ________
    |........|
    |. 94 b2.|
    |. 2c77 .|
    |.  7#  .|
    |.      .|
    |. 7c#c5.|
    |.4#3135.|
    |.6b    .|
    |.1cc84 .|
    |.  47#9.|
    |.    4#.|
    |.55129b.|
  ->|.4b##92.|<-
    |........|
    |........|
    |........|
     --------

Char 0x0178 'Ÿ' top
  Font: #0 Hack-Regular (14)
  Bitmap: 8 x 13
  Advance: 8
  Offset: 0 x 0
     ________
    |  b71#2 |
    |     1  |
    |        |
    |6c    8b|
    | b7  2#4|
    | 3#1 99 |
    |  993#1 |
    |  1#c7  |
    |   8#   |
    |   6c   |
    |   6c   |
    |   6c   |
  ->|   6c   |<-
    |........|
    |........|
    |........|
     --------

Char 0x017d 'Ž' top
  Font: #0 Hack-Regular (14)
  Bitmap: 8 x 13
  Advance: 8
  Offset: 0 x 0
     ________
    |  b249  |
    |  3bc1  |
    |   22   |
    |1######7|
    | 11115#2|
    |    1c7 |
    |    8b  |
    |   4#2  |
    |   c6   |
    |  8b    |
    | 3#2    |
    | c71111 |
  ->|3######9|<-
    |........|
    |........|
    |........|
     --------

Char 0x017e 'ž'
  Font: #0 Hack-Regular (14)
  Bitmap: 7 x 12
  Advance: 8
  Offset: 1 x 0
     ________
    |........|
    |. 51 51 |
    |. 4a4a  |
    |.  8c1  |
    |.       |
    |.6#####1|
    |. 1118b |
    |.   4#2 |
    |.  1#5  |
    |.  b8   |
    |. 8b    |
    |.5#2111 |
  ->|.8#####1|<-
    |........|
    |........|
    |........|
     --------

Char 0x20ac '€'
  Font: #0 Hack-Regular (14)
  Bitmap: 8 x 10
  Advance: 8
  Offset: 0 x 0
     ________
    |........|
    |........|
    |........|
    |  19c#a1|
    |  b92142|
    | 5#     |
    |7####c  |
    |19a111  |
    |7####1  |
    |17#11   |
    | 2#2    |
    |  ab3262|
  ->|   8c#a1|<-
    |........|
    |........|
    |........|
     --------

